<?xml version="1.0" encoding="UTF-8"?>
<!-- Generated by org.testng.reporters.JUnitXMLReporter -->
<testsuite ignored="0" hostname="Dheenathayalans-MacBook-Air.local" failures="1" tests="15" name="Registration Tests" time="686.379" errors="0" timestamp="2024-08-29T16:21:26 IST">
  <testcase classname="tests.RegisterTests" name="testUserRegistration" time="26.657">
    <failure type="java.lang.AssertionError" message="expected [New Account Created. You are logged in as nuhasdfnh] but found [password_mismatch:The two password fields didn’t match.]">
      <![CDATA[java.lang.AssertionError: expected [New Account Created. You are logged in as nuhasdfnh] but found [password_mismatch:The two password fields didn’t match.]
at tests.RegisterTests.testUserRegistration(RegisterTests.java:85)
at java.base/java.util.ArrayList.forEach(ArrayList.java:1511)
... Removed 33 stack frames]]>
    </failure>
  </testcase> <!-- testUserRegistration -->
  <testcase classname="tests.SigninTests" name="testSignInWithBlankPassword" time="1.104"/>
  <testcase classname="tests.SigninTests" name="testSignInWithBlankUsername" time="0.944"/>
  <testcase classname="tests.SigninTests" name="testSignInWithBlankUsernameAndPassword" time="0.572"/>
  <testcase classname="tests.SigninTests" name="testSignInWithInvalidUsernameAndPassword" time="1.782"/>
  <testcase classname="tests.SigninTests" name="testSignInWithInvalidUsernameAndValidPassword" time="1.572"/>
  <testcase classname="tests.SigninTests" name="testSignInWithValidUsernameAndInvalidPassword" time="1.685"/>
  <testcase classname="tests.SigninTests" name="testSignInWithValidUsernameAndPassword" time="2.281"/>
  <testcase classname="tests.StackTests" name="verifyInvalidPythonCodeExecutionInStackTryEditor" time="61.989"/>
  <testcase classname="tests.StackTests" name="verifyUserCanAccessTryEditorInOperationsInStack" time="62.984"/>
  <testcase classname="tests.StackTests" name="verifyUserCanNavigateToApplicationsPage" time="3.358"/>
  <testcase classname="tests.StackTests" name="verifyUserCanNavigateToImplementationPage" time="2.794"/>
  <testcase classname="tests.StackTests" name="verifyUserCanNavigateToOperationsInStack" time="4.781"/>
  <testcase classname="tests.StackTests" name="verifyUserCanNavigateToPracticeQuestionsPage" time="6.041"/>
  <testcase classname="tests.StackTests" name="verifyValidPythonCodeExecutionInStackTryEditor" time="114.368"/>
</testsuite> <!-- Registration Tests -->
